Using pre-set license
Built from '2020.3/release' branch; Version is '2020.3.27f1 (e759542391ea) revision 15161684'; Using compiler version '192528614'; Build Type 'Release'
OS: 'Windows 10  (10.0.19042) 64bit Core' Language: 'en' Physical Memory: 65442 MB
BatchMode: 1, IsHumanControllingUs: 0, StartBugReporterOnCrash: 0, Is64bit: 1, IsPro: 0

COMMAND LINE ARGUMENTS:
C:\Program Files\Unity\Hub\Editor\2020.3.27f1\Editor\Unity.exe
-adb2
-batchMode
-noUpm
-name
AssetImportWorker0
-projectPath
C:/Users/Jacob/Documents/GitHub/ARPG/Just Do It
-logFile
Logs/AssetImportWorker0.log
-srvPort
60430
Successfully changed project path to: C:/Users/Jacob/Documents/GitHub/ARPG/Just Do It
C:/Users/Jacob/Documents/GitHub/ARPG/Just Do It
Using Asset Import Pipeline V2.
Refreshing native plugins compatible for Editor in 83.41 ms, found 3 plugins.
Preloading 0 native plugins for Editor in 0.00 ms.
Initialize engine version: 2020.3.27f1 (e759542391ea)
[Subsystems] Discovering subsystems at path C:/Program Files/Unity/Hub/Editor/2020.3.27f1/Editor/Data/Resources/UnitySubsystems
[Subsystems] Discovering subsystems at path C:/Users/Jacob/Documents/GitHub/ARPG/Just Do It/Assets
GfxDevice: creating device client; threaded=0
Direct3D:
    Version:  Direct3D 11.0 [level 11.1]
    Renderer: NVIDIA GeForce GTX 1070 (ID=0x1b81)
    Vendor:   
    VRAM:     8088 MB
    Driver:   30.0.15.1165
Initialize mono
Mono path[0] = 'C:/Program Files/Unity/Hub/Editor/2020.3.27f1/Editor/Data/Managed'
Mono path[1] = 'C:/Program Files/Unity/Hub/Editor/2020.3.27f1/Editor/Data/MonoBleedingEdge/lib/mono/unityjit'
Mono config path = 'C:/Program Files/Unity/Hub/Editor/2020.3.27f1/Editor/Data/MonoBleedingEdge/etc'
Using monoOptions --debugger-agent=transport=dt_socket,embedding=1,server=y,suspend=n,address=127.0.0.1:56756
Begin MonoManager ReloadAssembly
Registering precompiled unity dll's ...
Register platform support module: C:/Program Files/Unity/Hub/Editor/2020.3.27f1/Editor/Data/PlaybackEngines/WebGLSupport/UnityEditor.WebGL.Extensions.dll
Register platform support module: C:/Program Files/Unity/Hub/Editor/2020.3.27f1/Editor/Data/PlaybackEngines/WindowsStandaloneSupport/UnityEditor.WindowsStandalone.Extensions.dll
Registered in 0.004326 seconds.
Native extension for WindowsStandalone target not found
Native extension for WebGL target not found
Refreshing native plugins compatible for Editor in 77.49 ms, found 3 plugins.
Preloading 0 native plugins for Editor in 0.00 ms.
Mono: successfully reloaded assembly
- Completed reload, in  1.139 seconds
Domain Reload Profiling:
	ReloadAssembly (1140ms)
		BeginReloadAssembly (131ms)
			ExecutionOrderSort (0ms)
			DisableScriptedObjects (0ms)
			BackupInstance (0ms)
			ReleaseScriptingObjects (0ms)
			CreateAndSetChildDomain (1ms)
		EndReloadAssembly (869ms)
			LoadAssemblies (128ms)
			RebuildTransferFunctionScriptingTraits (0ms)
			SetupTypeCache (295ms)
			ReleaseScriptCaches (0ms)
			RebuildScriptCaches (57ms)
			SetupLoadedEditorAssemblies (333ms)
				LogAssemblyErrors (0ms)
				InitializePlatformSupportModulesInManaged (10ms)
				SetLoadedEditorAssemblies (0ms)
				RefreshPlugins (78ms)
				BeforeProcessingInitializeOnLoad (28ms)
				ProcessInitializeOnLoadAttributes (167ms)
				ProcessInitializeOnLoadMethodAttributes (50ms)
				AfterProcessingInitializeOnLoad (0ms)
				EditorAssembliesLoaded (0ms)
			ExecutionOrderSort2 (0ms)
			AwakeInstancesAfterBackupRestoration (0ms)
Platform modules already initialized, skipping
Registering precompiled user dll's ...
Registered in 0.008512 seconds.
Begin MonoManager ReloadAssembly
Native extension for WindowsStandalone target not found
Native extension for WebGL target not found
Refreshing native plugins compatible for Editor in 81.14 ms, found 3 plugins.
Preloading 0 native plugins for Editor in 0.00 ms.
Mono: successfully reloaded assembly
- Completed reload, in  2.106 seconds
Domain Reload Profiling:
	ReloadAssembly (2107ms)
		BeginReloadAssembly (289ms)
			ExecutionOrderSort (0ms)
			DisableScriptedObjects (9ms)
			BackupInstance (0ms)
			ReleaseScriptingObjects (0ms)
			CreateAndSetChildDomain (32ms)
		EndReloadAssembly (1703ms)
			LoadAssemblies (190ms)
			RebuildTransferFunctionScriptingTraits (0ms)
			SetupTypeCache (565ms)
			ReleaseScriptCaches (1ms)
			RebuildScriptCaches (88ms)
			SetupLoadedEditorAssemblies (657ms)
				LogAssemblyErrors (0ms)
				InitializePlatformSupportModulesInManaged (8ms)
				SetLoadedEditorAssemblies (0ms)
				RefreshPlugins (81ms)
				BeforeProcessingInitializeOnLoad (166ms)
				ProcessInitializeOnLoadAttributes (359ms)
				ProcessInitializeOnLoadMethodAttributes (30ms)
				AfterProcessingInitializeOnLoad (12ms)
				EditorAssembliesLoaded (0ms)
			ExecutionOrderSort2 (0ms)
			AwakeInstancesAfterBackupRestoration (12ms)
Platform modules already initialized, skipping
========================================================================
Worker process is ready to serve import requests
Launched and connected shader compiler UnityShaderCompiler.exe after 0.11 seconds
Refreshing native plugins compatible for Editor in 0.77 ms, found 3 plugins.
Preloading 0 native plugins for Editor in 0.00 ms.
Unloading 2202 Unused Serialized files (Serialized files now loaded: 0)
System memory in use before: 96.1 MB.
System memory in use after: 96.0 MB.

Unloading 34 unused Assets to reduce memory usage. Loaded Objects now: 2629.
Total: 5.064800 ms (FindLiveObjects: 0.225400 ms CreateObjectMapping: 0.121600 ms MarkObjects: 4.503500 ms  DeleteObjects: 0.212200 ms)

AssetImportParameters requested are different than current active one (requested -> active):
  custom:framework-win-MediaFoundation: 216162199b28c13a410421893ffa2e32 -> 
  custom:video-decoder-ogg-theora: a1e56fd34408186e4bbccfd4996cb3dc -> 
  custom:container-muxer-webm: aa71ff27fc2769a1b78a27578f13a17b -> 
  custom:container-demuxer-webm: 4f35f7cbe854078d1ac9338744f61a02 -> 
  custom:container-demuxer-ogg: 62fdf1f143b41e24485cea50d1cbac27 -> 
  custom:video-encoder-webm-vp8: eb34c28f22e8b96e1ab97ce403110664 -> 
  custom:video-decoder-webm-vp8: 9c59270c3fd7afecdb556c50c9e8de78 -> 
  custom:audio-decoder-ogg-vorbis: bf7c407c2cedff20999df2af8eb42d56 -> 
  custom:audio-encoder-webm-vorbis: bf7c407c2cedff20999df2af8eb42d56 -> 
========================================================================
Received Import Request.
  path: Assets/HelmetSlot.cs
  artifactKey: Guid(4701b9f3d8a5a7b43852b470925b86de) Importer(815301076,1909f56bfc062723c751e8b465ee728b)
Start importing Assets/HelmetSlot.cs using Guid(4701b9f3d8a5a7b43852b470925b86de) Importer(815301076,1909f56bfc062723c751e8b465ee728b)  -> (artifact id: '6e08a7d166dad7d196a76ea004ffd10f') in 0.067043 seconds 
  Import took 0.074856 seconds .

========================================================================
Received Import Request.
  Time since last request: 0.000315 seconds.
  path: Assets/Stat.cs
  artifactKey: Guid(0413a27ec9dfd544fa991fff1ad0033f) Importer(815301076,1909f56bfc062723c751e8b465ee728b)
Start importing Assets/Stat.cs using Guid(0413a27ec9dfd544fa991fff1ad0033f) Importer(815301076,1909f56bfc062723c751e8b465ee728b)  -> (artifact id: 'dc24af5e498da70fe38f2d6df022e287') in 0.010104 seconds 
  Import took 0.015228 seconds .

========================================================================
Received Import Request.
  Time since last request: 15.664537 seconds.
  path: Assets/Equipment.cs
  artifactKey: Guid(0b82122948272904ca59543084f2f531) Importer(815301076,1909f56bfc062723c751e8b465ee728b)
Start importing Assets/Equipment.cs using Guid(0b82122948272904ca59543084f2f531) Importer(815301076,1909f56bfc062723c751e8b465ee728b)  -> (artifact id: '4dd48bff5ecbc8c0f13c3b13f6d75ebf') in 0.013098 seconds 
  Import took 0.018458 seconds .

========================================================================
Received Import Request.
  Time since last request: 9.507988 seconds.
  path: Assets/StatModifier.cs
  artifactKey: Guid(d599b6ef4c051cd47abff3c51a1c252d) Importer(815301076,1909f56bfc062723c751e8b465ee728b)
Start importing Assets/StatModifier.cs using Guid(d599b6ef4c051cd47abff3c51a1c252d) Importer(815301076,1909f56bfc062723c751e8b465ee728b)  -> (artifact id: '670feaa5aa20805c7239a0a8e2980aae') in 0.011754 seconds 
  Import took 0.017764 seconds .

========================================================================
Received Import Request.
  Time since last request: 18.689620 seconds.
  path: Assets/StatModifier.cs
  artifactKey: Guid(d599b6ef4c051cd47abff3c51a1c252d) Importer(815301076,1909f56bfc062723c751e8b465ee728b)
Start importing Assets/StatModifier.cs using Guid(d599b6ef4c051cd47abff3c51a1c252d) Importer(815301076,1909f56bfc062723c751e8b465ee728b)  -> (artifact id: '3aaedb2a7aea8807185f1fe5cea697c8') in 0.003696 seconds 
  Import took 0.009549 seconds .

========================================================================
Received Import Request.
  Time since last request: 73.807063 seconds.
  path: Assets/StatModifier.cs
  artifactKey: Guid(d599b6ef4c051cd47abff3c51a1c252d) Importer(815301076,1909f56bfc062723c751e8b465ee728b)
Start importing Assets/StatModifier.cs using Guid(d599b6ef4c051cd47abff3c51a1c252d) Importer(815301076,1909f56bfc062723c751e8b465ee728b)  -> (artifact id: '06fbeb368fa0818a3af981c79b901e22') in 0.003283 seconds 
  Import took 0.009457 seconds .

========================================================================
Received Import Request.
  Time since last request: 37.860812 seconds.
  path: Assets/StatModifier.cs
  artifactKey: Guid(d599b6ef4c051cd47abff3c51a1c252d) Importer(815301076,1909f56bfc062723c751e8b465ee728b)
Start importing Assets/StatModifier.cs using Guid(d599b6ef4c051cd47abff3c51a1c252d) Importer(815301076,1909f56bfc062723c751e8b465ee728b)  -> (artifact id: '3f236ec999dd065112a1dce7a1f3f0ad') in 0.003096 seconds 
  Import took 0.009214 seconds .

AssetImportWorkerClient::OnTransportError - code=2 error=End of file
