Using pre-set license
Built from '2020.3/release' branch; Version is '2020.3.27f1 (e759542391ea) revision 15161684'; Using compiler version '192528614'; Build Type 'Release'
OS: 'Windows 10  (10.0.19042) 64bit Core' Language: 'en' Physical Memory: 65442 MB
BatchMode: 1, IsHumanControllingUs: 0, StartBugReporterOnCrash: 0, Is64bit: 1, IsPro: 0

COMMAND LINE ARGUMENTS:
C:\Program Files\Unity\Hub\Editor\2020.3.27f1\Editor\Unity.exe
-adb2
-batchMode
-noUpm
-name
AssetImportWorker0
-projectPath
C:/Users/Jacob/Documents/GitHub/ARPG/Just Do It
-logFile
Logs/AssetImportWorker0.log
-srvPort
59031
Successfully changed project path to: C:/Users/Jacob/Documents/GitHub/ARPG/Just Do It
C:/Users/Jacob/Documents/GitHub/ARPG/Just Do It
Using Asset Import Pipeline V2.
Refreshing native plugins compatible for Editor in 82.29 ms, found 3 plugins.
Preloading 0 native plugins for Editor in 0.00 ms.
Initialize engine version: 2020.3.27f1 (e759542391ea)
[Subsystems] Discovering subsystems at path C:/Program Files/Unity/Hub/Editor/2020.3.27f1/Editor/Data/Resources/UnitySubsystems
[Subsystems] Discovering subsystems at path C:/Users/Jacob/Documents/GitHub/ARPG/Just Do It/Assets
GfxDevice: creating device client; threaded=0
Direct3D:
    Version:  Direct3D 11.0 [level 11.1]
    Renderer: NVIDIA GeForce GTX 1070 (ID=0x1b81)
    Vendor:   
    VRAM:     8088 MB
    Driver:   30.0.15.1165
Initialize mono
Mono path[0] = 'C:/Program Files/Unity/Hub/Editor/2020.3.27f1/Editor/Data/Managed'
Mono path[1] = 'C:/Program Files/Unity/Hub/Editor/2020.3.27f1/Editor/Data/MonoBleedingEdge/lib/mono/unityjit'
Mono config path = 'C:/Program Files/Unity/Hub/Editor/2020.3.27f1/Editor/Data/MonoBleedingEdge/etc'
Using monoOptions --debugger-agent=transport=dt_socket,embedding=1,server=y,suspend=n,address=127.0.0.1:56368
Begin MonoManager ReloadAssembly
Registering precompiled unity dll's ...
Register platform support module: C:/Program Files/Unity/Hub/Editor/2020.3.27f1/Editor/Data/PlaybackEngines/WebGLSupport/UnityEditor.WebGL.Extensions.dll
Register platform support module: C:/Program Files/Unity/Hub/Editor/2020.3.27f1/Editor/Data/PlaybackEngines/WindowsStandaloneSupport/UnityEditor.WindowsStandalone.Extensions.dll
Registered in 0.004424 seconds.
Native extension for WindowsStandalone target not found
Native extension for WebGL target not found
Refreshing native plugins compatible for Editor in 76.07 ms, found 3 plugins.
Preloading 0 native plugins for Editor in 0.00 ms.
Mono: successfully reloaded assembly
- Completed reload, in  1.058 seconds
Domain Reload Profiling:
	ReloadAssembly (1058ms)
		BeginReloadAssembly (115ms)
			ExecutionOrderSort (0ms)
			DisableScriptedObjects (0ms)
			BackupInstance (0ms)
			ReleaseScriptingObjects (0ms)
			CreateAndSetChildDomain (1ms)
		EndReloadAssembly (811ms)
			LoadAssemblies (111ms)
			RebuildTransferFunctionScriptingTraits (0ms)
			SetupTypeCache (274ms)
			ReleaseScriptCaches (0ms)
			RebuildScriptCaches (54ms)
			SetupLoadedEditorAssemblies (311ms)
				LogAssemblyErrors (0ms)
				InitializePlatformSupportModulesInManaged (10ms)
				SetLoadedEditorAssemblies (0ms)
				RefreshPlugins (76ms)
				BeforeProcessingInitializeOnLoad (27ms)
				ProcessInitializeOnLoadAttributes (149ms)
				ProcessInitializeOnLoadMethodAttributes (48ms)
				AfterProcessingInitializeOnLoad (0ms)
				EditorAssembliesLoaded (0ms)
			ExecutionOrderSort2 (0ms)
			AwakeInstancesAfterBackupRestoration (0ms)
Platform modules already initialized, skipping
Registering precompiled user dll's ...
Registered in 0.008453 seconds.
Begin MonoManager ReloadAssembly
Native extension for WindowsStandalone target not found
Native extension for WebGL target not found
Refreshing native plugins compatible for Editor in 75.66 ms, found 3 plugins.
Preloading 0 native plugins for Editor in 0.00 ms.
Mono: successfully reloaded assembly
- Completed reload, in  2.040 seconds
Domain Reload Profiling:
	ReloadAssembly (2041ms)
		BeginReloadAssembly (286ms)
			ExecutionOrderSort (0ms)
			DisableScriptedObjects (9ms)
			BackupInstance (0ms)
			ReleaseScriptingObjects (0ms)
			CreateAndSetChildDomain (34ms)
		EndReloadAssembly (1643ms)
			LoadAssemblies (181ms)
			RebuildTransferFunctionScriptingTraits (0ms)
			SetupTypeCache (566ms)
			ReleaseScriptCaches (1ms)
			RebuildScriptCaches (84ms)
			SetupLoadedEditorAssemblies (613ms)
				LogAssemblyErrors (0ms)
				InitializePlatformSupportModulesInManaged (8ms)
				SetLoadedEditorAssemblies (0ms)
				RefreshPlugins (76ms)
				BeforeProcessingInitializeOnLoad (147ms)
				ProcessInitializeOnLoadAttributes (341ms)
				ProcessInitializeOnLoadMethodAttributes (29ms)
				AfterProcessingInitializeOnLoad (12ms)
				EditorAssembliesLoaded (0ms)
			ExecutionOrderSort2 (0ms)
			AwakeInstancesAfterBackupRestoration (12ms)
Platform modules already initialized, skipping
========================================================================
Worker process is ready to serve import requests
Launched and connected shader compiler UnityShaderCompiler.exe after 0.11 seconds
Refreshing native plugins compatible for Editor in 0.75 ms, found 3 plugins.
Preloading 0 native plugins for Editor in 0.00 ms.
Unloading 2203 Unused Serialized files (Serialized files now loaded: 0)
System memory in use before: 96.1 MB.
System memory in use after: 96.0 MB.

Unloading 34 unused Assets to reduce memory usage. Loaded Objects now: 2630.
Total: 4.880100 ms (FindLiveObjects: 0.211700 ms CreateObjectMapping: 0.119200 ms MarkObjects: 4.332900 ms  DeleteObjects: 0.214800 ms)

AssetImportParameters requested are different than current active one (requested -> active):
  custom:framework-win-MediaFoundation: 216162199b28c13a410421893ffa2e32 -> 
  custom:video-decoder-ogg-theora: a1e56fd34408186e4bbccfd4996cb3dc -> 
  custom:container-muxer-webm: aa71ff27fc2769a1b78a27578f13a17b -> 
  custom:container-demuxer-webm: 4f35f7cbe854078d1ac9338744f61a02 -> 
  custom:container-demuxer-ogg: 62fdf1f143b41e24485cea50d1cbac27 -> 
  custom:video-encoder-webm-vp8: eb34c28f22e8b96e1ab97ce403110664 -> 
  custom:video-decoder-webm-vp8: 9c59270c3fd7afecdb556c50c9e8de78 -> 
  custom:audio-decoder-ogg-vorbis: bf7c407c2cedff20999df2af8eb42d56 -> 
  custom:audio-encoder-webm-vorbis: bf7c407c2cedff20999df2af8eb42d56 -> 
========================================================================
Received Import Request.
  path: Assets/Sprites
  artifactKey: Guid(8c46ea493640de745be6884d7f692a23) Importer(815301076,1909f56bfc062723c751e8b465ee728b)
Start importing Assets/Sprites using Guid(8c46ea493640de745be6884d7f692a23) Importer(815301076,1909f56bfc062723c751e8b465ee728b)  -> (artifact id: '8a57ef3d384700c6553899fe13d4064c') in 0.013356 seconds 
  Import took 0.018713 seconds .

========================================================================
Received Import Request.
  Time since last request: 3.477642 seconds.
  path: Assets/Sprites/Player Character
  artifactKey: Guid(952b6303203e1c149891f40e08992ec8) Importer(815301076,1909f56bfc062723c751e8b465ee728b)
Start importing Assets/Sprites/Player Character using Guid(952b6303203e1c149891f40e08992ec8) Importer(815301076,1909f56bfc062723c751e8b465ee728b)  -> (artifact id: '7cc380514480f17f81d81b05846b7036') in 0.011586 seconds 
  Import took 0.017479 seconds .

========================================================================
Received Import Request.
  Time since last request: 5.989502 seconds.
  path: Assets/Sprites/Player Character/Template
  artifactKey: Guid(2d81b43559b895d4b99cac57acd3fd5d) Importer(815301076,1909f56bfc062723c751e8b465ee728b)
Start importing Assets/Sprites/Player Character/Template using Guid(2d81b43559b895d4b99cac57acd3fd5d) Importer(815301076,1909f56bfc062723c751e8b465ee728b)  -> (artifact id: '75bb3a2da787f3bb3d72a193d1e87509') in 0.011402 seconds 
  Import took 0.016979 seconds .

========================================================================
Received Import Request.
  Time since last request: 4.117600 seconds.
  path: Assets/Sprites/Player Character/Body
  artifactKey: Guid(518c31b663767ca4286ad455926cdd6e) Importer(815301076,1909f56bfc062723c751e8b465ee728b)
Start importing Assets/Sprites/Player Character/Body using Guid(518c31b663767ca4286ad455926cdd6e) Importer(815301076,1909f56bfc062723c751e8b465ee728b)  -> (artifact id: '3dd0f6c15b1ab1e75a70c84f5284906a') in 0.008273 seconds 
  Import took 0.013583 seconds .

========================================================================
Received Import Request.
  Time since last request: 5.026830 seconds.
  path: Assets/Sprites/Player Character/Leggings
  artifactKey: Guid(836a318d97a5ca244a697928d1963f77) Importer(815301076,1909f56bfc062723c751e8b465ee728b)
Start importing Assets/Sprites/Player Character/Leggings using Guid(836a318d97a5ca244a697928d1963f77) Importer(815301076,1909f56bfc062723c751e8b465ee728b)  -> (artifact id: 'cf40b90921f9c723cce766ec22d13e83') in 0.009005 seconds 
  Import took 0.015089 seconds .

========================================================================
Received Import Request.
  Time since last request: 4.961131 seconds.
  path: Assets/Sprites/Player Character/BodyArmor
  artifactKey: Guid(518c31b663767ca4286ad455926cdd6e) Importer(815301076,1909f56bfc062723c751e8b465ee728b)
Start importing Assets/Sprites/Player Character/BodyArmor using Guid(518c31b663767ca4286ad455926cdd6e) Importer(815301076,1909f56bfc062723c751e8b465ee728b)  -> (artifact id: '8318b5a3e64d57d71569398250622903') in 0.009167 seconds 
  Import took 0.014732 seconds .

========================================================================
Received Import Request.
  Time since last request: 8.480623 seconds.
  path: Assets/Sprites/Player Character/Helmets
  artifactKey: Guid(48f0cb8f5c3076e47981b4d4075fd486) Importer(815301076,1909f56bfc062723c751e8b465ee728b)
Start importing Assets/Sprites/Player Character/Helmets using Guid(48f0cb8f5c3076e47981b4d4075fd486) Importer(815301076,1909f56bfc062723c751e8b465ee728b)  -> (artifact id: 'b31965e57ebcf934fd94527faf2f47f1') in 0.008614 seconds 
  Import took 0.016243 seconds .

========================================================================
Received Import Request.
  Time since last request: 68.693395 seconds.
  path: Assets/Sprites/Player Character/Template/hand.png
  artifactKey: Guid(e6b40d0ad6dcef9408fb898286a45caf) Importer(815301076,1909f56bfc062723c751e8b465ee728b)
Start importing Assets/Sprites/Player Character/Template/hand.png using Guid(e6b40d0ad6dcef9408fb898286a45caf) Importer(815301076,1909f56bfc062723c751e8b465ee728b)  -> (artifact id: '7a844459dd69099773af4bd89d3a9aeb') in 0.167408 seconds 
  Import took 0.173909 seconds .

========================================================================
Received Import Request.
  Time since last request: 79.534886 seconds.
  path: Assets/Sprites/Player Character/Template/hand.png
  artifactKey: Guid(e6b40d0ad6dcef9408fb898286a45caf) Importer(815301076,1909f56bfc062723c751e8b465ee728b)
Start importing Assets/Sprites/Player Character/Template/hand.png using Guid(e6b40d0ad6dcef9408fb898286a45caf) Importer(815301076,1909f56bfc062723c751e8b465ee728b)  -> (artifact id: '5079f5b4ce5d5ff8d1070c6c0438c8aa') in 0.014343 seconds 
  Import took 0.022939 seconds .

========================================================================
Received Import Request.
  Time since last request: 9.094233 seconds.
  path: Assets/Sprites/Player Character/Template/hand.png
  artifactKey: Guid(e6b40d0ad6dcef9408fb898286a45caf) Importer(815301076,1909f56bfc062723c751e8b465ee728b)
Start importing Assets/Sprites/Player Character/Template/hand.png using Guid(e6b40d0ad6dcef9408fb898286a45caf) Importer(815301076,1909f56bfc062723c751e8b465ee728b)  -> (artifact id: '2af7bbb190a130d3f3e8d283945133b9') in 0.012285 seconds 
  Import took 0.019059 seconds .

========================================================================
Received Import Request.
  Time since last request: 297.134064 seconds.
  path: Assets/Sprites/Player Character/Template/body.png
  artifactKey: Guid(6e99b2eeb84a57b4f9a37251def4fe5d) Importer(815301076,1909f56bfc062723c751e8b465ee728b)
Start importing Assets/Sprites/Player Character/Template/body.png using Guid(6e99b2eeb84a57b4f9a37251def4fe5d) Importer(815301076,1909f56bfc062723c751e8b465ee728b)  -> (artifact id: '1aef815f5351ab32081ae8a2ca74a2d3') in 0.022419 seconds 
  Import took 0.030155 seconds .

========================================================================
Received Import Request.
  Time since last request: 15.226264 seconds.
  path: Assets/Sprites/Player Character/Template/body.png
  artifactKey: Guid(6e99b2eeb84a57b4f9a37251def4fe5d) Importer(815301076,1909f56bfc062723c751e8b465ee728b)
Start importing Assets/Sprites/Player Character/Template/body.png using Guid(6e99b2eeb84a57b4f9a37251def4fe5d) Importer(815301076,1909f56bfc062723c751e8b465ee728b)  -> (artifact id: '02f06aa4b70464f8f271a43ebe05aaae') in 0.013406 seconds 
  Import took 0.020040 seconds .

========================================================================
Received Import Request.
  Time since last request: 49.039962 seconds.
  path: Assets/Sprites/Player Character/Template/body.png
  artifactKey: Guid(6e99b2eeb84a57b4f9a37251def4fe5d) Importer(815301076,1909f56bfc062723c751e8b465ee728b)
Start importing Assets/Sprites/Player Character/Template/body.png using Guid(6e99b2eeb84a57b4f9a37251def4fe5d) Importer(815301076,1909f56bfc062723c751e8b465ee728b)  -> (artifact id: 'b9e55e4cbe8f690fe39be56c57f26317') in 0.022541 seconds 
  Import took 0.029109 seconds .

========================================================================
Received Import Request.
  Time since last request: 54.669050 seconds.
  path: Assets/Sprites/Player Character/Template/body.png
  artifactKey: Guid(6e99b2eeb84a57b4f9a37251def4fe5d) Importer(815301076,1909f56bfc062723c751e8b465ee728b)
Start importing Assets/Sprites/Player Character/Template/body.png using Guid(6e99b2eeb84a57b4f9a37251def4fe5d) Importer(815301076,1909f56bfc062723c751e8b465ee728b)  -> (artifact id: 'ca5d4d1fcfed435d67b03fc3baecff91') in 0.018851 seconds 
  Import took 0.024799 seconds .

========================================================================
Received Import Request.
  Time since last request: 532.650977 seconds.
  path: Assets/Sprites/Player Character/Template/legs.png
  artifactKey: Guid(0776ea3a6ca73ec42a5700b5ca0e3198) Importer(815301076,1909f56bfc062723c751e8b465ee728b)
Start importing Assets/Sprites/Player Character/Template/legs.png using Guid(0776ea3a6ca73ec42a5700b5ca0e3198) Importer(815301076,1909f56bfc062723c751e8b465ee728b)  -> (artifact id: '89ba58b393aaa9847b020431a67880d6') in 0.029229 seconds 
  Import took 0.037697 seconds .

========================================================================
Received Import Request.
  Time since last request: 9.365741 seconds.
  path: Assets/Sprites/Player Character/Template/legs.png
  artifactKey: Guid(0776ea3a6ca73ec42a5700b5ca0e3198) Importer(815301076,1909f56bfc062723c751e8b465ee728b)
Start importing Assets/Sprites/Player Character/Template/legs.png using Guid(0776ea3a6ca73ec42a5700b5ca0e3198) Importer(815301076,1909f56bfc062723c751e8b465ee728b)  -> (artifact id: '4d9828a62bab818cf7586fba64ddca76') in 0.014470 seconds 
  Import took 0.020176 seconds .

========================================================================
Received Import Request.
  Time since last request: 185.221436 seconds.
  path: Assets/Sprites/Player Character/Template/legs 1.png
  artifactKey: Guid(1e696362922f3ba4bb35e45c6d949096) Importer(815301076,1909f56bfc062723c751e8b465ee728b)
Start importing Assets/Sprites/Player Character/Template/legs 1.png using Guid(1e696362922f3ba4bb35e45c6d949096) Importer(815301076,1909f56bfc062723c751e8b465ee728b)  -> (artifact id: '25c73710cef84a565b161cf31e09d0e4') in 0.019842 seconds 
  Import took 0.027862 seconds .

========================================================================
Received Import Request.
  Time since last request: 6.275484 seconds.
  path: Assets/Sprites/Player Character/Template/legs.png
  artifactKey: Guid(1e696362922f3ba4bb35e45c6d949096) Importer(815301076,1909f56bfc062723c751e8b465ee728b)
Start importing Assets/Sprites/Player Character/Template/legs.png using Guid(1e696362922f3ba4bb35e45c6d949096) Importer(815301076,1909f56bfc062723c751e8b465ee728b)  -> (artifact id: '89c5805f16b028b029ba5b5791c04818') in 0.015806 seconds 
  Import took 0.023286 seconds .

========================================================================
Received Import Request.
  Time since last request: 10.451239 seconds.
  path: Assets/Sprites/Player Character/Template/legs.png
  artifactKey: Guid(1e696362922f3ba4bb35e45c6d949096) Importer(815301076,1909f56bfc062723c751e8b465ee728b)
Start importing Assets/Sprites/Player Character/Template/legs.png using Guid(1e696362922f3ba4bb35e45c6d949096) Importer(815301076,1909f56bfc062723c751e8b465ee728b)  -> (artifact id: 'd857cf9592e25b3c693cd2f244c11cba') in 0.014461 seconds 
  Import took 0.020051 seconds .

========================================================================
Received Import Request.
  Time since last request: 121.401454 seconds.
  path: Assets/Sprites/Player Character/Template/legs.png
  artifactKey: Guid(1e696362922f3ba4bb35e45c6d949096) Importer(815301076,1909f56bfc062723c751e8b465ee728b)
Start importing Assets/Sprites/Player Character/Template/legs.png using Guid(1e696362922f3ba4bb35e45c6d949096) Importer(815301076,1909f56bfc062723c751e8b465ee728b)  -> (artifact id: 'e82765b0d9030837c0ec6c038340fe8e') in 0.034643 seconds 
  Import took 0.041247 seconds .

========================================================================
Received Import Request.
  Time since last request: 159.959722 seconds.
  path: Assets/Sprites/Player Character/Template/body.png
  artifactKey: Guid(6e99b2eeb84a57b4f9a37251def4fe5d) Importer(815301076,1909f56bfc062723c751e8b465ee728b)
Start importing Assets/Sprites/Player Character/Template/body.png using Guid(6e99b2eeb84a57b4f9a37251def4fe5d) Importer(815301076,1909f56bfc062723c751e8b465ee728b)  -> (artifact id: '58bb16100b69a494a3f15dbcf17cb22c') in 0.019461 seconds 
  Import took 0.025968 seconds .

========================================================================
Received Import Request.
  Time since last request: 8.433811 seconds.
  path: Assets/Sprites/Player Character/Template/body.png
  artifactKey: Guid(6e99b2eeb84a57b4f9a37251def4fe5d) Importer(815301076,1909f56bfc062723c751e8b465ee728b)
Start importing Assets/Sprites/Player Character/Template/body.png using Guid(6e99b2eeb84a57b4f9a37251def4fe5d) Importer(815301076,1909f56bfc062723c751e8b465ee728b)  -> (artifact id: '97016cf5d4f5590f2e237cd28ae74495') in 0.012205 seconds 
  Import took 0.017588 seconds .

========================================================================
Received Import Request.
  Time since last request: 9.244292 seconds.
  path: Assets/Sprites/Player Character/Template/body.png
  artifactKey: Guid(6e99b2eeb84a57b4f9a37251def4fe5d) Importer(815301076,1909f56bfc062723c751e8b465ee728b)
Start importing Assets/Sprites/Player Character/Template/body.png using Guid(6e99b2eeb84a57b4f9a37251def4fe5d) Importer(815301076,1909f56bfc062723c751e8b465ee728b)  -> (artifact id: '95fca9d019b6ca19d61e763d3e2c7386') in 0.022048 seconds 
  Import took 0.027440 seconds .

========================================================================
Received Import Request.
  Time since last request: 12.459555 seconds.
  path: Assets/Sprites/Player Character/Template/body.png
  artifactKey: Guid(6e99b2eeb84a57b4f9a37251def4fe5d) Importer(815301076,1909f56bfc062723c751e8b465ee728b)
Start importing Assets/Sprites/Player Character/Template/body.png using Guid(6e99b2eeb84a57b4f9a37251def4fe5d) Importer(815301076,1909f56bfc062723c751e8b465ee728b)  -> (artifact id: '184432e256eb57d6ef27fa60faa6977f') in 0.019879 seconds 
  Import took 0.025485 seconds .

========================================================================
Received Import Request.
  Time since last request: 210.469475 seconds.
  path: Assets/Sprites/Player Character/Template/head.png
  artifactKey: Guid(80136b49c3ca1434eb7450b702379be0) Importer(815301076,1909f56bfc062723c751e8b465ee728b)
Start importing Assets/Sprites/Player Character/Template/head.png using Guid(80136b49c3ca1434eb7450b702379be0) Importer(815301076,1909f56bfc062723c751e8b465ee728b)  -> (artifact id: '9e03e14349136472c628984f95b35f08') in 0.019843 seconds 
  Import took 0.026433 seconds .

========================================================================
Received Import Request.
  Time since last request: 26.702942 seconds.
  path: Assets/Sprites/Player Character/Template/Player.preset
  artifactKey: Guid(7f0392f07a9e4ad4c88b75c7c69a7daa) Importer(815301076,1909f56bfc062723c751e8b465ee728b)
Start importing Assets/Sprites/Player Character/Template/Player.preset using Guid(7f0392f07a9e4ad4c88b75c7c69a7daa) Importer(815301076,1909f56bfc062723c751e8b465ee728b)  -> (artifact id: 'bee74359a4065fee235d3f404a2bba57') in 0.020793 seconds 
  Import took 0.028467 seconds .

========================================================================
Received Import Request.
  Time since last request: 12.587673 seconds.
  path: Assets/Sprites/Player Character/Template/head.png
  artifactKey: Guid(80136b49c3ca1434eb7450b702379be0) Importer(815301076,1909f56bfc062723c751e8b465ee728b)
Start importing Assets/Sprites/Player Character/Template/head.png using Guid(80136b49c3ca1434eb7450b702379be0) Importer(815301076,1909f56bfc062723c751e8b465ee728b)  -> (artifact id: '7dc7b4ee5acdd7be457cf5a0957cc861') in 0.022967 seconds 
  Import took 0.031533 seconds .

========================================================================
Received Import Request.
  Time since last request: 111.413183 seconds.
  path: Assets/Sprites/Player Character/Template/Legs Running.anim
  artifactKey: Guid(455c76ea1aec8ff4bbd043490c89805d) Importer(815301076,1909f56bfc062723c751e8b465ee728b)
Start importing Assets/Sprites/Player Character/Template/Legs Running.anim using Guid(455c76ea1aec8ff4bbd043490c89805d) Importer(815301076,1909f56bfc062723c751e8b465ee728b)  -> (artifact id: 'e62fe6679807ec71bfa3a672dcca5d6b') in 0.012999 seconds 
  Import took 0.020820 seconds .

========================================================================
Received Prepare
Registering precompiled user dll's ...
Registered in 0.008164 seconds.
Begin MonoManager ReloadAssembly
Native extension for WindowsStandalone target not found
Native extension for WebGL target not found
Refreshing native plugins compatible for Editor in 0.80 ms, found 3 plugins.
Preloading 0 native plugins for Editor in 0.00 ms.
Mono: successfully reloaded assembly
- Completed reload, in  1.901 seconds
Domain Reload Profiling:
	ReloadAssembly (1902ms)
		BeginReloadAssembly (213ms)
			ExecutionOrderSort (0ms)
			DisableScriptedObjects (11ms)
			BackupInstance (0ms)
			ReleaseScriptingObjects (0ms)
			CreateAndSetChildDomain (60ms)
		EndReloadAssembly (1568ms)
			LoadAssemblies (187ms)
			RebuildTransferFunctionScriptingTraits (0ms)
			SetupTypeCache (579ms)
			ReleaseScriptCaches (2ms)
			RebuildScriptCaches (79ms)
			SetupLoadedEditorAssemblies (553ms)
				LogAssemblyErrors (0ms)
				InitializePlatformSupportModulesInManaged (11ms)
				SetLoadedEditorAssemblies (1ms)
				RefreshPlugins (1ms)
				BeforeProcessingInitializeOnLoad (162ms)
				ProcessInitializeOnLoadAttributes (347ms)
				ProcessInitializeOnLoadMethodAttributes (20ms)
				AfterProcessingInitializeOnLoad (12ms)
				EditorAssembliesLoaded (0ms)
			ExecutionOrderSort2 (0ms)
			AwakeInstancesAfterBackupRestoration (18ms)
Platform modules already initialized, skipping
Refreshing native plugins compatible for Editor in 0.78 ms, found 3 plugins.
Preloading 0 native plugins for Editor in 0.00 ms.
Unloading 2198 Unused Serialized files (Serialized files now loaded: 0)
System memory in use before: 99.0 MB.
System memory in use after: 99.0 MB.

Unloading 23 unused Assets to reduce memory usage. Loaded Objects now: 2644.
Total: 5.526200 ms (FindLiveObjects: 0.209500 ms CreateObjectMapping: 0.119400 ms MarkObjects: 4.979900 ms  DeleteObjects: 0.215200 ms)

AssetImportParameters requested are different than current active one (requested -> active):
  custom:framework-win-MediaFoundation: 216162199b28c13a410421893ffa2e32 -> 
  custom:video-decoder-ogg-theora: a1e56fd34408186e4bbccfd4996cb3dc -> 
  custom:container-muxer-webm: aa71ff27fc2769a1b78a27578f13a17b -> 
  custom:container-demuxer-webm: 4f35f7cbe854078d1ac9338744f61a02 -> 
  custom:container-demuxer-ogg: 62fdf1f143b41e24485cea50d1cbac27 -> 
  custom:video-encoder-webm-vp8: eb34c28f22e8b96e1ab97ce403110664 -> 
  custom:video-decoder-webm-vp8: 9c59270c3fd7afecdb556c50c9e8de78 -> 
  custom:audio-decoder-ogg-vorbis: bf7c407c2cedff20999df2af8eb42d56 -> 
  custom:audio-encoder-webm-vorbis: bf7c407c2cedff20999df2af8eb42d56 -> 
========================================================================
Received Import Request.
  Time since last request: 1454.913006 seconds.
  path: Assets/Sprites/Player Character/Template/Body Running.anim
  artifactKey: Guid(c0edc0a0316410e43983f17cd0ebabf7) Importer(815301076,1909f56bfc062723c751e8b465ee728b)
Start importing Assets/Sprites/Player Character/Template/Body Running.anim using Guid(c0edc0a0316410e43983f17cd0ebabf7) Importer(815301076,1909f56bfc062723c751e8b465ee728b)  -> (artifact id: 'c6a4870750bea90b42f0a9ad0a85d7e5') in 0.032380 seconds 
  Import took 0.038994 seconds .

========================================================================
Received Import Request.
  Time since last request: 581.145365 seconds.
  path: Assets/Sprites/Player Character/Template/BodySprites.controller
  artifactKey: Guid(60452a34571ac934fab655c771aa2304) Importer(815301076,1909f56bfc062723c751e8b465ee728b)
Start importing Assets/Sprites/Player Character/Template/BodySprites.controller using Guid(60452a34571ac934fab655c771aa2304) Importer(815301076,1909f56bfc062723c751e8b465ee728b)  -> (artifact id: '5cf12535f18c3bfea8deb23c43acc3a7') in 0.014365 seconds 
  Import took 0.020805 seconds .

========================================================================
Received Import Request.
  Time since last request: 97.366748 seconds.
  path: Assets/Sprites/Player Character/Template/BodySprites.controller
  artifactKey: Guid(60452a34571ac934fab655c771aa2304) Importer(815301076,1909f56bfc062723c751e8b465ee728b)
Start importing Assets/Sprites/Player Character/Template/BodySprites.controller using Guid(60452a34571ac934fab655c771aa2304) Importer(815301076,1909f56bfc062723c751e8b465ee728b)  -> (artifact id: 'ad2be7385f0cc8f1734908554e7accf3') in 0.005451 seconds 
  Import took 0.011849 seconds .

AssetImportWorkerClient::OnTransportError - code=2 error=End of file
